<?xml version="1.0" encoding="utf-8"?>
<coverage line-rate="0.8190999999999999" branch-rate="0.8928" version="1.9" timestamp="1668977565" lines-covered="77" lines-valid="94" branches-covered="25" branches-valid="28">
  <sources>
    <source>/home/codex/c#projects/ferry_boat/FerryFunctions/</source>
  </sources>
  <packages>
    <package name="FerryFunctions" line-rate="0.8190999999999999" branch-rate="0.8928" complexity="36">
      <classes>
        <class name="Program" filename="Program.cs" line-rate="0" branch-rate="0" complexity="2">
          <methods>
            <method name="&lt;Main&gt;$" signature="(System.String[])" line-rate="0" branch-rate="0" complexity="2">
              <lines>
                <line number="3" hits="0" branch="False" />
                <line number="13" hits="0" branch="False" />
                <line number="14" hits="0" branch="False" />
                <line number="15" hits="0" branch="False" />
                <line number="16" hits="0" branch="False" />
                <line number="17" hits="0" branch="False" />
                <line number="18" hits="0" branch="False" />
                <line number="19" hits="0" branch="False" />
                <line number="20" hits="0" branch="False" />
                <line number="26" hits="0" branch="False" />
                <line number="28" hits="0" branch="True" condition-coverage="0% (0/2)">
                  <conditions>
                    <condition number="339" type="jump" coverage="0%" />
                  </conditions>
                </line>
                <line number="29" hits="0" branch="False" />
                <line number="31" hits="0" branch="False" />
                <line number="33" hits="0" branch="False" />
                <line number="34" hits="0" branch="False" />
                <line number="35" hits="0" branch="False" />
                <line number="36" hits="0" branch="False" />
              </lines>
            </method>
          </methods>
          <lines>
            <line number="3" hits="0" branch="False" />
            <line number="13" hits="0" branch="False" />
            <line number="14" hits="0" branch="False" />
            <line number="15" hits="0" branch="False" />
            <line number="16" hits="0" branch="False" />
            <line number="17" hits="0" branch="False" />
            <line number="18" hits="0" branch="False" />
            <line number="19" hits="0" branch="False" />
            <line number="20" hits="0" branch="False" />
            <line number="26" hits="0" branch="False" />
            <line number="28" hits="0" branch="True" condition-coverage="0% (0/2)">
              <conditions>
                <condition number="339" type="jump" coverage="0%" />
              </conditions>
            </line>
            <line number="29" hits="0" branch="False" />
            <line number="31" hits="0" branch="False" />
            <line number="33" hits="0" branch="False" />
            <line number="34" hits="0" branch="False" />
            <line number="35" hits="0" branch="False" />
            <line number="36" hits="0" branch="False" />
          </lines>
        </class>
        <class name="FerryFunctions.Car" filename="Car.cs" line-rate="1" branch-rate="1" complexity="4">
          <methods>
            <method name="get_Colour" signature="()" line-rate="1" branch-rate="1" complexity="1">
              <lines>
                <line number="6" hits="591" branch="False" />
              </lines>
            </method>
            <method name="get_PassengerCount" signature="()" line-rate="1" branch-rate="1" complexity="1">
              <lines>
                <line number="8" hits="232" branch="False" />
              </lines>
            </method>
            <method name="get_CarNumberPlate" signature="()" line-rate="1" branch-rate="1" complexity="1">
              <lines>
                <line number="9" hits="842" branch="False" />
              </lines>
            </method>
            <method name=".ctor" signature="(System.String,System.Int32,System.String)" line-rate="1" branch-rate="1" complexity="1">
              <lines>
                <line number="12" hits="165" branch="False" />
                <line number="13" hits="165" branch="False" />
                <line number="14" hits="165" branch="False" />
                <line number="15" hits="165" branch="False" />
                <line number="16" hits="165" branch="False" />
                <line number="18" hits="165" branch="False" />
              </lines>
            </method>
          </methods>
          <lines>
            <line number="6" hits="591" branch="False" />
            <line number="8" hits="232" branch="False" />
            <line number="9" hits="842" branch="False" />
            <line number="12" hits="165" branch="False" />
            <line number="13" hits="165" branch="False" />
            <line number="14" hits="165" branch="False" />
            <line number="15" hits="165" branch="False" />
            <line number="16" hits="165" branch="False" />
            <line number="18" hits="165" branch="False" />
          </lines>
        </class>
        <class name="FerryFunctions.Ferry" filename="Ferry.cs" line-rate="1" branch-rate="0.9615" complexity="30">
          <methods>
            <method name="get_PeopleCount" signature="()" line-rate="1" branch-rate="1" complexity="1">
              <lines>
                <line number="6" hits="242" branch="False" />
              </lines>
            </method>
            <method name="get_CarsCount" signature="()" line-rate="1" branch-rate="1" complexity="1">
              <lines>
                <line number="7" hits="242" branch="False" />
              </lines>
            </method>
            <method name="Board" signature="(FerryFunctions.Car)" line-rate="1" branch-rate="0.9444" complexity="18">
              <lines>
                <line number="23" hits="87" branch="False" />
                <line number="24" hits="87" branch="False" />
                <line number="26" hits="87" branch="True" condition-coverage="75% (3/4)">
                  <conditions>
                    <condition number="19" type="jump" coverage="50%" />
                    <condition number="43" type="jump" coverage="100%" />
                  </conditions>
                </line>
                <line number="27" hits="76" branch="False" />
                <line number="28" hits="76" branch="False" />
                <line number="29" hits="76" branch="False" />
                <line number="30" hits="76" branch="False" />
                <line number="31" hits="76" branch="False" />
                <line number="32" hits="76" branch="False" />
                <line number="33" hits="994" branch="True" condition-coverage="100% (2/2)">
                  <conditions>
                    <condition number="299" type="jump" coverage="100%" />
                  </conditions>
                </line>
                <line number="34" hits="383" branch="False" />
                <line number="35" hits="572" branch="True" condition-coverage="100% (4/4)">
                  <conditions>
                    <condition number="196" type="jump" coverage="100%" />
                    <condition number="223" type="jump" coverage="100%" />
                  </conditions>
                </line>
                <line number="36" hits="383" branch="True" condition-coverage="100% (4/4)">
                  <conditions>
                    <condition number="231" type="jump" coverage="100%" />
                    <condition number="244" type="jump" coverage="100%" />
                  </conditions>
                </line>
                <line number="37" hits="8" branch="False" />
                <line number="38" hits="8" branch="False" />
                <line number="39" hits="8" branch="False" />
                <line number="40" hits="375" branch="True" condition-coverage="100% (4/4)">
                  <conditions>
                    <condition number="258" type="jump" coverage="100%" />
                    <condition number="271" type="jump" coverage="100%" />
                  </conditions>
                </line>
                <line number="41" hits="61" branch="False" />
                <line number="42" hits="61" branch="False" />
                <line number="44" hits="61" branch="False" />
                <line number="46" hits="314" branch="False" />
                <line number="47" hits="314" branch="False" />
                <line number="48" hits="314" branch="False" />
                <line number="49" hits="383" branch="False" />
                <line number="50" hits="76" branch="False" />
                <line number="52" hits="11" branch="False" />
                <line number="53" hits="11" branch="False" />
                <line number="54" hits="11" branch="False" />
                <line number="55" hits="87" branch="False" />
                <line number="57" hits="87" branch="False" />
              </lines>
            </method>
            <method name="ShowCars" signature="()" line-rate="1" branch-rate="1" complexity="1">
              <lines>
                <line number="59" hits="1" branch="False" />
                <line number="60" hits="1" branch="False" />
                <line number="61" hits="1" branch="False" />
              </lines>
            </method>
            <method name="HowManyCars" signature="(System.String)" line-rate="1" branch-rate="1" complexity="6">
              <lines>
                <line number="64" hits="2" branch="False" />
                <line number="65" hits="2" branch="False" />
                <line number="66" hits="2" branch="False" />
                <line number="67" hits="26" branch="True" condition-coverage="100% (2/2)">
                  <conditions>
                    <condition number="139" type="jump" coverage="100%" />
                  </conditions>
                </line>
                <line number="68" hits="10" branch="False" />
                <line number="69" hits="12" branch="True" condition-coverage="100% (2/2)">
                  <conditions>
                    <condition number="50" type="jump" coverage="100%" />
                  </conditions>
                </line>
                <line number="70" hits="10" branch="True" condition-coverage="100% (2/2)">
                  <conditions>
                    <condition number="67" type="jump" coverage="100%" />
                  </conditions>
                </line>
                <line number="71" hits="4" branch="False" />
                <line number="72" hits="4" branch="False" />
                <line number="73" hits="4" branch="False" />
                <line number="75" hits="6" branch="False" />
                <line number="76" hits="6" branch="False" />
                <line number="77" hits="6" branch="False" />
                <line number="78" hits="10" branch="False" />
                <line number="79" hits="2" branch="False" />
                <line number="80" hits="2" branch="False" />
              </lines>
            </method>
            <method name="UpdateCount" signature="(FerryFunctions.Car)" line-rate="1" branch-rate="1" complexity="2">
              <lines>
                <line number="83" hits="2" branch="False" />
                <line number="84" hits="2" branch="True" condition-coverage="100% (2/2)">
                  <conditions>
                    <condition number="31" type="jump" coverage="100%" />
                  </conditions>
                </line>
                <line number="85" hits="1" branch="False" />
                <line number="87" hits="1" branch="False" />
                <line number="88" hits="1" branch="False" />
                <line number="89" hits="1" branch="False" />
                <line number="90" hits="1" branch="False" />
                <line number="94" hits="1" branch="False" />
                <line number="95" hits="1" branch="False" />
                <line number="98" hits="2" branch="False" />
              </lines>
            </method>
            <method name=".ctor" signature="()" line-rate="1" branch-rate="1" complexity="1">
              <lines>
                <line number="11" hits="10" branch="False" />
                <line number="13" hits="10" branch="False" />
                <line number="15" hits="10" branch="False" />
                <line number="16" hits="10" branch="False" />
                <line number="17" hits="10" branch="False" />
                <line number="18" hits="10" branch="False" />
                <line number="19" hits="10" branch="False" />
              </lines>
            </method>
          </methods>
          <lines>
            <line number="6" hits="242" branch="False" />
            <line number="7" hits="242" branch="False" />
            <line number="23" hits="87" branch="False" />
            <line number="24" hits="87" branch="False" />
            <line number="26" hits="87" branch="True" condition-coverage="75% (3/4)">
              <conditions>
                <condition number="19" type="jump" coverage="50%" />
                <condition number="43" type="jump" coverage="100%" />
              </conditions>
            </line>
            <line number="27" hits="76" branch="False" />
            <line number="28" hits="76" branch="False" />
            <line number="29" hits="76" branch="False" />
            <line number="30" hits="76" branch="False" />
            <line number="31" hits="76" branch="False" />
            <line number="32" hits="76" branch="False" />
            <line number="33" hits="994" branch="True" condition-coverage="100% (2/2)">
              <conditions>
                <condition number="299" type="jump" coverage="100%" />
              </conditions>
            </line>
            <line number="34" hits="383" branch="False" />
            <line number="35" hits="572" branch="True" condition-coverage="100% (4/4)">
              <conditions>
                <condition number="196" type="jump" coverage="100%" />
                <condition number="223" type="jump" coverage="100%" />
              </conditions>
            </line>
            <line number="36" hits="383" branch="True" condition-coverage="100% (4/4)">
              <conditions>
                <condition number="231" type="jump" coverage="100%" />
                <condition number="244" type="jump" coverage="100%" />
              </conditions>
            </line>
            <line number="37" hits="8" branch="False" />
            <line number="38" hits="8" branch="False" />
            <line number="39" hits="8" branch="False" />
            <line number="40" hits="375" branch="True" condition-coverage="100% (4/4)">
              <conditions>
                <condition number="258" type="jump" coverage="100%" />
                <condition number="271" type="jump" coverage="100%" />
              </conditions>
            </line>
            <line number="41" hits="61" branch="False" />
            <line number="42" hits="61" branch="False" />
            <line number="44" hits="61" branch="False" />
            <line number="46" hits="314" branch="False" />
            <line number="47" hits="314" branch="False" />
            <line number="48" hits="314" branch="False" />
            <line number="49" hits="383" branch="False" />
            <line number="50" hits="76" branch="False" />
            <line number="52" hits="11" branch="False" />
            <line number="53" hits="11" branch="False" />
            <line number="54" hits="11" branch="False" />
            <line number="55" hits="87" branch="False" />
            <line number="57" hits="87" branch="False" />
            <line number="59" hits="1" branch="False" />
            <line number="60" hits="1" branch="False" />
            <line number="61" hits="1" branch="False" />
            <line number="64" hits="2" branch="False" />
            <line number="65" hits="2" branch="False" />
            <line number="66" hits="2" branch="False" />
            <line number="67" hits="26" branch="True" condition-coverage="100% (2/2)">
              <conditions>
                <condition number="139" type="jump" coverage="100%" />
              </conditions>
            </line>
            <line number="68" hits="10" branch="False" />
            <line number="69" hits="12" branch="True" condition-coverage="100% (2/2)">
              <conditions>
                <condition number="50" type="jump" coverage="100%" />
              </conditions>
            </line>
            <line number="70" hits="10" branch="True" condition-coverage="100% (2/2)">
              <conditions>
                <condition number="67" type="jump" coverage="100%" />
              </conditions>
            </line>
            <line number="71" hits="4" branch="False" />
            <line number="72" hits="4" branch="False" />
            <line number="73" hits="4" branch="False" />
            <line number="75" hits="6" branch="False" />
            <line number="76" hits="6" branch="False" />
            <line number="77" hits="6" branch="False" />
            <line number="78" hits="10" branch="False" />
            <line number="79" hits="2" branch="False" />
            <line number="80" hits="2" branch="False" />
            <line number="83" hits="2" branch="False" />
            <line number="84" hits="2" branch="True" condition-coverage="100% (2/2)">
              <conditions>
                <condition number="31" type="jump" coverage="100%" />
              </conditions>
            </line>
            <line number="85" hits="1" branch="False" />
            <line number="87" hits="1" branch="False" />
            <line number="88" hits="1" branch="False" />
            <line number="89" hits="1" branch="False" />
            <line number="90" hits="1" branch="False" />
            <line number="94" hits="1" branch="False" />
            <line number="95" hits="1" branch="False" />
            <line number="98" hits="2" branch="False" />
            <line number="11" hits="10" branch="False" />
            <line number="13" hits="10" branch="False" />
            <line number="15" hits="10" branch="False" />
            <line number="16" hits="10" branch="False" />
            <line number="17" hits="10" branch="False" />
            <line number="18" hits="10" branch="False" />
            <line number="19" hits="10" branch="False" />
          </lines>
        </class>
      </classes>
    </package>
  </packages>
</coverage>